Added Component: Designator=D8(LED - 0603)
Add component (AddParameter): Name = "ComponentLink1Description"; Value = "Satýn Alma Linki"; VariantName = "[No Variations]"
Add component (AddParameter): Name = "ComponentLink1URL"; Value = "https://ozdisan.com/Product/Detail/471660/HL-PST-1608U51GC"; VariantName = "[No Variations]"
Add component (AddParameter): Name = "ComponentLink2Description"; Value = "Datasheet"; VariantName = "[No Variations]"
Add component (AddParameter): Name = "ComponentLink2URL"; Value = "https://cdn.ozdisan.com/ETicaret_Dosya/471660_7204356.pdf"; VariantName = "[No Variations]"
Added Component: Designator=M2(GY-NEO6MV2)
Add component (AddParameter): Name = "ComponentLink1Description"; Value = "Satýn Alma Linki"; VariantName = "[No Variations]"
Add component (AddParameter): Name = "ComponentLink1URL"; Value = "https://www.robotistan.com/gy-neo6mv2-gps-modulu-ucus-kontrol-sistem-gpsi"; VariantName = "[No Variations]"
Add component (AddParameter): Name = "ComponentLink2Description"; Value = "Datasheet"; VariantName = "[No Variations]"
Add component (AddParameter): Name = "ComponentLink2URL"; Value = "https://www.rlocman.ru/i/File/2011/04/22/1.pdf"; VariantName = "[No Variations]"
Added Component: Designator=R14(RES - 0603)
Add component (AddParameter): Name = "ComponentLink1Description"; Value = "Datasheet"; VariantName = "[No Variations]"
Add component (AddParameter): Name = "ComponentLink1URL"; Value = "https://cdn.ozdisan.com/ETicaret_Dosya/570122_9878629.pdf"; VariantName = "[No Variations]"
Add component (AddParameter): Name = "ComponentLink2Description"; Value = "Satýn Alma Linki"; VariantName = "[No Variations]"
Add component (AddParameter): Name = "ComponentLink2URL"; Value = "https://www.ozdisan.com/pasif-komponentler/direncler/smt-smd-direncler/TC0325B3301T5C"; VariantName = "[No Variations]"
Add component (AddParameter): Name = "ComponentLink3Description"; Value = "Satýn Alma Linki"; VariantName = "[No Variations]"
Add component (AddParameter): Name = "ComponentLink3URL"; Value = "https://ozdisan.com/pasif-komponentler/direncler/smt-smd-ve-cip-direncler/0603SAF4701T5E"; VariantName = "[No Variations]"
Add component (AddParameter): Name = "ComponentLink4Description"; Value = "Satýn Alma Linki"; VariantName = "[No Variations]"
Add component (AddParameter): Name = "ComponentLink4URL"; Value = "https://ozdisan.com/pasif-komponentler/direncler/smt-smd-ve-cip-direncler/0805S8F604JT5E"; VariantName = "[No Variations]"
Add component (AddParameter): Name = "ComponentLink5Description"; Value = "Satýn Alma Linki"; VariantName = "[No Variations]"
Add component (AddParameter): Name = "ComponentLink5URL"; Value = "https://ozdisan.com/pasif-komponentler/direncler/smt-smd-ve-cip-direncler/0603SAF1022T5E"; VariantName = "[No Variations]"
Add component (AddParameter): Name = "ComponentLink6Description"; Value = "Satýn Alma Linki"; VariantName = "[No Variations]"
Add component (AddParameter): Name = "ComponentLink6URL"; Value = "https://www.ozdisan.com/pasif-komponentler/direncler/smt-smd-direncler/CQ03SAF0000T5E"; VariantName = "[No Variations]"
Added Pin To Net: NetName=GND Pin=D8-1
Added Pin To Net: NetName=+5 Pin=M2-1
Added Pin To Net: NetName=NetM2_2 Pin=M2-2
Added Pin To Net: NetName=NetM2_3 Pin=M2-3
Added Pin To Net: NetName=GND Pin=M2-4
Added Pin To Net: NetName=+3.3V Pin=R14-1
Added Pin To Net: NetName=NetD4_2 Pin=D4-2
Added Pin To Net: NetName=NetD4_2 Pin=R7-2
Added Net: Name=NetD4_2
Added Pin To Net: NetName=NetD8_2 Pin=D8-2
Added Pin To Net: NetName=NetD8_2 Pin=R14-2
Added Net: Name=NetD8_2
Added Member To Class: ClassName=GY_NEO6MV2_Sheet1 Member=Component D8 Led
Added Member To Class: ClassName=GY_NEO6MV2_Sheet1 Member=Component M2 GY-NEO6MV2
Added Member To Class: ClassName=GY_NEO6MV2_Sheet1 Member=Component R14 330?
Added Room: Name=BME_280_Sheet1
Added Room: Name=GY_NEO6MV2_Sheet1
