Added Component: Designator=D9(LED - 0603)
Add component (AddParameter): Name = "ComponentLink1Description"; Value = "Satýn Alma Linki"; VariantName = "[No Variations]"
Add component (AddParameter): Name = "ComponentLink1URL"; Value = "https://ozdisan.com/Product/Detail/471660/HL-PST-1608U51GC"; VariantName = "[No Variations]"
Add component (AddParameter): Name = "ComponentLink2Description"; Value = "Datasheet"; VariantName = "[No Variations]"
Add component (AddParameter): Name = "ComponentLink2URL"; Value = "https://cdn.ozdisan.com/ETicaret_Dosya/471660_7204356.pdf"; VariantName = "[No Variations]"
Added Component: Designator=R17(RES - 0603)
Add component (AddParameter): Name = "ComponentLink1Description"; Value = "Datasheet"; VariantName = "[No Variations]"
Add component (AddParameter): Name = "ComponentLink1URL"; Value = "https://cdn.ozdisan.com/ETicaret_Dosya/570122_9878629.pdf"; VariantName = "[No Variations]"
Add component (AddParameter): Name = "ComponentLink2Description"; Value = "Satýn Alma Linki"; VariantName = "[No Variations]"
Add component (AddParameter): Name = "ComponentLink2URL"; Value = "https://www.ozdisan.com/pasif-komponentler/direncler/smt-smd-direncler/TC0325B3301T5C"; VariantName = "[No Variations]"
Add component (AddParameter): Name = "ComponentLink3Description"; Value = "Satýn Alma Linki"; VariantName = "[No Variations]"
Add component (AddParameter): Name = "ComponentLink3URL"; Value = "https://ozdisan.com/pasif-komponentler/direncler/smt-smd-ve-cip-direncler/0603SAF4701T5E"; VariantName = "[No Variations]"
Add component (AddParameter): Name = "ComponentLink4Description"; Value = "Satýn Alma Linki"; VariantName = "[No Variations]"
Add component (AddParameter): Name = "ComponentLink4URL"; Value = "https://ozdisan.com/pasif-komponentler/direncler/smt-smd-ve-cip-direncler/0805S8F604JT5E"; VariantName = "[No Variations]"
Add component (AddParameter): Name = "ComponentLink5Description"; Value = "Satýn Alma Linki"; VariantName = "[No Variations]"
Add component (AddParameter): Name = "ComponentLink5URL"; Value = "https://ozdisan.com/pasif-komponentler/direncler/smt-smd-ve-cip-direncler/0603SAF1022T5E"; VariantName = "[No Variations]"
Add component (AddParameter): Name = "ComponentLink6Description"; Value = "Satýn Alma Linki"; VariantName = "[No Variations]"
Add component (AddParameter): Name = "ComponentLink6URL"; Value = "https://www.ozdisan.com/pasif-komponentler/direncler/smt-smd-direncler/CQ03SAF0000T5E"; VariantName = "[No Variations]"
Added Pin To Net: NetName=GND Pin=D9-1
Added Pin To Net: NetName=+5 Pin=R17-1
Added Pin To Net: NetName=NetD9_2 Pin=D9-2
Added Pin To Net: NetName=NetD9_2 Pin=R17-2
Added Net: Name=NetD9_2
Added Member To Class: ClassName=MQ-135 Member=Component D9 Led
Added Member To Class: ClassName=MQ-135 Member=Component R17 330?
Added Room: Name=AMS_Sheet1
Added Room: Name=BME_280_Sheet1
Added Room: Name=Buzzer
Added Room: Name=GY_NEO6MV2_Sheet1
Added Room: Name=LM2596_Sheet1
Added Room: Name=LORA_Sheet1
Added Room: Name=MCU_Sheet1
Added Room: Name=MPU_6050_Sheet1
Added Room: Name=MQ-135
Added Room: Name=OPEN_DRAIN_Sheet1
Added Room: Name=SD_CARD_Sheet1
