Removed Pin From Net: NetName=NetR1_1 Pin=U1-2
Removed Pin From Net: NetName=NetC8_1 Pin=U1-5
Removed Pin From Net: NetName=NetC7_1 Pin=U1-6
Removed Pin From Net: NetName=NetC6_2 Pin=U1-7
Removed Pin From Net: NetName=NetJ2_2 Pin=U1-17
Removed Pin From Net: NetName=NetJ2_9 Pin=U1-18
Removed Pin From Net: NetName=NetR10_1 Pin=U1-19
Removed Pin From Net: NetName=NetR11_1 Pin=U1-20
Removed Pin From Net: NetName=NetM2_3 Pin=U1-22
Removed Pin From Net: NetName=NetM2_2 Pin=U1-25
Removed Pin From Net: NetName=NetM1_3 Pin=U1-30
Removed Pin From Net: NetName=NetM1_4 Pin=U1-31
Removed Pin From Net: NetName=NetJ1_2 Pin=U1-34
Removed Pin From Net: NetName=NetJ1_3 Pin=U1-37
Removed Pin From Net: NetName=NetJ2_5 Pin=U1-39
Removed Pin From Net: NetName=NetJ2_7 Pin=U1-40
Removed Pin From Net: NetName=NetJ2_3 Pin=U1-41
Removed Pin From Net: NetName=NetR2_2 Pin=U1-45
Removed Pin From Net: NetName=NetR3_2 Pin=U1-46
Added Component: Designator=U6(LQFP48)
Add component (AddParameter): Name = "Copyright"; Value = "Copyright (C) 2021 Ultra Librarian. All rights reserved."; VariantName = "[No Variations]"
Add component (AddParameter): Name = "Manufacturer_Part_Number"; Value = "STM32F103C8T6"; VariantName = "[No Variations]"
Add component (AddParameter): Name = "Mfr_Name"; Value = "STMicroelectronics"; VariantName = "[No Variations]"
Add component (AddParameter): Name = "RefDes"; Value = "RefDes"; VariantName = "[No Variations]"
Add component (AddParameter): Name = "Type"; Value = "DEV"; VariantName = "[No Variations]"
Added Pin To Net: NetName=NetR1_1 Pin=U6-2
Added Pin To Net: NetName=NetC8_1 Pin=U6-5
Added Pin To Net: NetName=NetC7_1 Pin=U6-6
Added Pin To Net: NetName=NetC6_2 Pin=U6-7
Added Pin To Net: NetName=NetJ2_2 Pin=U6-17
Added Pin To Net: NetName=NetJ2_9 Pin=U6-18
Added Pin To Net: NetName=NetR10_1 Pin=U6-19
Added Pin To Net: NetName=NetR11_1 Pin=U6-20
Added Pin To Net: NetName=NetM2_3 Pin=U6-22
Added Pin To Net: NetName=NetM2_2 Pin=U6-25
Added Pin To Net: NetName=NetM1_3 Pin=U6-30
Added Pin To Net: NetName=NetM1_4 Pin=U6-31
Added Pin To Net: NetName=NetJ1_2 Pin=U6-34
Added Pin To Net: NetName=NetJ1_3 Pin=U6-37
Added Pin To Net: NetName=NetJ2_5 Pin=U6-39
Added Pin To Net: NetName=NetJ2_7 Pin=U6-40
Added Pin To Net: NetName=NetJ2_3 Pin=U6-41
Added Pin To Net: NetName=NetR2_2 Pin=U6-45
Added Pin To Net: NetName=NetR3_2 Pin=U6-46
Added Member To Class: ClassName=MCU_Sheet1 Member=Component U6 STM32F103C8T6
Added Room: Name=AMS_Sheet1
Added Room: Name=BME_280_Sheet1
Added Room: Name=GY_NEO6MV2_Sheet1
Added Room: Name=LM2596_Sheet1
Added Room: Name=LORA_Sheet1
Added Room: Name=MCU_Sheet1
Added Room: Name=MPU_6050_Sheet1
Added Room: Name=OPEN_DRAIN_Sheet1
Added Room: Name=SD_CARD_Sheet1
