Added Component: Designator=B2(Lityum Battery)
Add component (AddParameter): Name = "ComponentLink1Description"; Value = "Satýn Alma Linki"; VariantName = "[No Variations]"
Add component (AddParameter): Name = "ComponentLink1URL"; Value = "https://www.gittigidiyor.com/bilgisayar-tablet/12v-2-6a-lityum-batarya_pdp_728518934"; VariantName = "[No Variations]"
Added Component: Designator=U6(E220-400T30S)
Add component (AddParameter): Name = "Availability"; Value = "Unavailable"; VariantName = "[No Variations]"
Add component (AddParameter): Name = "ComponentLink1Description"; Value = "Satýn Alma L,nk,"; VariantName = "[No Variations]"
Add component (AddParameter): Name = "ComponentLink1URL"; Value = "https://www.f1depo.com/urun/ebyte-e220-400t30s-433-mhz-30dbm-lora-modul-10km"; VariantName = "[No Variations]"
Add component (AddParameter): Name = "ComponentLink2Description"; Value = "Datasheet"; VariantName = "[No Variations]"
Add component (AddParameter): Name = "ComponentLink2URL"; Value = "https://www.google.com/search?q=EBYTE+E220-400T30S+433+Mhz+30dbm+Lora+Mod%C3%BCl+datasheet&oq=EBYTE+E220-400T30S+433+Mhz+30dbm+Lora+Mod%C3%BCl+datasheet&aqs=chrome..69i57j33i10i21.2976j0j7&sourceid=chrome&ie=UTF-8"; VariantName = "[No Variations]"
Add component (AddParameter): Name = "MF"; Value = "EBYTE"; VariantName = "[No Variations]"
Add component (AddParameter): Name = "MP"; Value = "E22-900T30S"; VariantName = "[No Variations]"
Add component (AddParameter): Name = "Package"; Value = "Package Analog Devices"; VariantName = "[No Variations]"
Add component (AddParameter): Name = "Price"; Value = "None"; VariantName = "[No Variations]"
Add component (AddParameter): Name = "SnapEDA_Link"; Value = "https://www.snapeda.com/parts/E22-900T30S/EBYTE/view-part/3611926/?ref=snap"; VariantName = "[No Variations]"
Add component (AddParameter): Name = "Value"; Value = ""; VariantName = "[No Variations]"
Added Pin To Net: NetName=GND Pin=U6-1
Added Pin To Net: NetName=+3.3V Pin=U6-2
Added Pin To Net: NetName=NetU1_31 Pin=U6-4
Added Pin To Net: NetName=NetU1_30 Pin=U6-5
Added Pin To Net: NetName=GND Pin=U6-6
Added Pin To Net: NetName=GND Pin=U6-7
Added Pin To Net: NetName=GND Pin=U6-12
Added Pin To Net: NetName=GND Pin=U6-14
Added Member To Class: ClassName=MCU_Sheet1 Member=Component B2 Battery
Added Member To Class: ClassName=LORA_Sheet1 Member=Component U6 E22-900T30S
Added Room: Name=AMS_Sheet1
Added Room: Name=BME_280_Sheet1
Added Room: Name=Buzzer
Added Room: Name=GY_NEO6MV2_Sheet1
Added Room: Name=LM2596_Sheet1
Added Room: Name=LORA_Sheet1
Added Room: Name=MCU_Sheet1
Added Room: Name=MPU_6050_Sheet1
Added Room: Name=MQ-135
Added Room: Name=OPEN_DRAIN_Sheet1
Added Room: Name=SD_CARD_Sheet1
